<?xml version="1.0" encoding="UTF-8"?>
<coverage generated="1498474061918" clover="3.2.0">
  <project timestamp="1498474061918" name="All files">
    <metrics statements="182" coveredstatements="112" conditionals="88" coveredconditionals="35" methods="75" coveredmethods="49" elements="345" coveredelements="196" complexity="0" loc="182" ncloc="182" packages="6" files="14" classes="14">
      <package name="hcis-dashboard">
        <metrics statements="7" coveredstatements="7" conditionals="0" coveredconditionals="0" methods="0" coveredmethods="0"/>
        <file name="constant.js" path="/Users/riddhi/workspace/hcis-dashboard/constant.js">
          <metrics statements="1" coveredstatements="1" conditionals="0" coveredconditionals="0" methods="0" coveredmethods="0"/>
          <line num="1" count="4" type="stmt"/>
        </file>
        <file name="routes.js" path="/Users/riddhi/workspace/hcis-dashboard/routes.js">
          <metrics statements="6" coveredstatements="6" conditionals="0" coveredconditionals="0" methods="0" coveredmethods="0"/>
          <line num="1" count="2" type="stmt"/>
          <line num="4" count="2" type="stmt"/>
          <line num="6" count="2" type="stmt"/>
          <line num="7" count="2" type="stmt"/>
          <line num="8" count="2" type="stmt"/>
          <line num="9" count="2" type="stmt"/>
        </file>
      </package>
      <package name="hcis-dashboard.actions">
        <metrics statements="57" coveredstatements="33" conditionals="30" coveredconditionals="9" methods="35" coveredmethods="27"/>
        <file name="commonActions.js" path="/Users/riddhi/workspace/hcis-dashboard/actions/commonActions.js">
          <metrics statements="25" coveredstatements="16" conditionals="10" coveredconditionals="4" methods="15" coveredmethods="12"/>
          <line num="4" count="2" type="stmt"/>
          <line num="5" count="2" type="stmt"/>
          <line num="9" count="2" type="cond" truecount="1" falsecount="1"/>
          <line num="10" count="2" type="stmt"/>
          <line num="12" count="0" type="stmt"/>
          <line num="19" count="1" type="stmt"/>
          <line num="20" count="1" type="stmt"/>
          <line num="24" count="1" type="cond" truecount="1" falsecount="1"/>
          <line num="25" count="1" type="stmt"/>
          <line num="27" count="0" type="stmt"/>
          <line num="34" count="1" type="stmt"/>
          <line num="35" count="1" type="stmt"/>
          <line num="39" count="1" type="cond" truecount="1" falsecount="1"/>
          <line num="40" count="1" type="stmt"/>
          <line num="42" count="0" type="stmt"/>
          <line num="49" count="1" type="stmt"/>
          <line num="50" count="1" type="stmt"/>
          <line num="53" count="1" type="cond" truecount="1" falsecount="1"/>
          <line num="54" count="0" type="stmt"/>
          <line num="56" count="1" type="stmt"/>
          <line num="63" count="0" type="stmt"/>
          <line num="64" count="0" type="stmt"/>
          <line num="69" count="0" type="cond" truecount="0" falsecount="2"/>
          <line num="70" count="0" type="stmt"/>
          <line num="72" count="0" type="stmt"/>
        </file>
        <file name="employeeAddEditContract.js" path="/Users/riddhi/workspace/hcis-dashboard/actions/employeeAddEditContract.js">
          <metrics statements="19" coveredstatements="10" conditionals="12" coveredconditionals="3" methods="12" coveredmethods="9"/>
          <line num="5" count="1" type="stmt"/>
          <line num="6" count="1" type="stmt"/>
          <line num="8" count="1" type="cond" truecount="1" falsecount="1"/>
          <line num="9" count="0" type="stmt"/>
          <line num="13" count="0" type="cond" truecount="0" falsecount="2"/>
          <line num="14" count="0" type="stmt"/>
          <line num="21" count="1" type="stmt"/>
          <line num="22" count="1" type="stmt"/>
          <line num="24" count="1" type="stmt"/>
          <line num="25" count="1" type="cond" truecount="1" falsecount="1"/>
          <line num="26" count="0" type="stmt"/>
          <line num="30" count="0" type="cond" truecount="0" falsecount="2"/>
          <line num="31" count="0" type="stmt"/>
          <line num="39" count="1" type="stmt"/>
          <line num="40" count="1" type="stmt"/>
          <line num="42" count="1" type="cond" truecount="1" falsecount="1"/>
          <line num="43" count="0" type="stmt"/>
          <line num="47" count="0" type="cond" truecount="0" falsecount="2"/>
          <line num="48" count="0" type="stmt"/>
        </file>
        <file name="employeeContracts.js" path="/Users/riddhi/workspace/hcis-dashboard/actions/employeeContracts.js">
          <metrics statements="13" coveredstatements="7" conditionals="8" coveredconditionals="2" methods="8" coveredmethods="6"/>
          <line num="5" count="1" type="stmt"/>
          <line num="6" count="1" type="stmt"/>
          <line num="8" count="1" type="stmt"/>
          <line num="9" count="1" type="cond" truecount="1" falsecount="1"/>
          <line num="10" count="0" type="stmt"/>
          <line num="14" count="0" type="cond" truecount="0" falsecount="2"/>
          <line num="15" count="0" type="stmt"/>
          <line num="22" count="1" type="stmt"/>
          <line num="23" count="1" type="stmt"/>
          <line num="25" count="0" type="cond" truecount="0" falsecount="2"/>
          <line num="26" count="0" type="stmt"/>
          <line num="30" count="1" type="cond" truecount="1" falsecount="1"/>
          <line num="31" count="0" type="stmt"/>
        </file>
      </package>
      <package name="hcis-dashboard.components.commonComponents">
        <metrics statements="3" coveredstatements="3" conditionals="0" coveredconditionals="0" methods="3" coveredmethods="3"/>
        <file name="Footer.js" path="/Users/riddhi/workspace/hcis-dashboard/components/commonComponents/Footer.js">
          <metrics statements="1" coveredstatements="1" conditionals="0" coveredconditionals="0" methods="1" coveredmethods="1"/>
          <line num="5" count="19" type="stmt"/>
        </file>
        <file name="Head.js" path="/Users/riddhi/workspace/hcis-dashboard/components/commonComponents/Head.js">
          <metrics statements="1" coveredstatements="1" conditionals="0" coveredconditionals="0" methods="1" coveredmethods="1"/>
          <line num="5" count="19" type="stmt"/>
        </file>
        <file name="Navbar.js" path="/Users/riddhi/workspace/hcis-dashboard/components/commonComponents/Navbar.js">
          <metrics statements="1" coveredstatements="1" conditionals="0" coveredconditionals="0" methods="1" coveredmethods="1"/>
          <line num="5" count="19" type="stmt"/>
        </file>
      </package>
      <package name="hcis-dashboard.components.pageComponents">
        <metrics statements="92" coveredstatements="46" conditionals="50" coveredconditionals="18" methods="35" coveredmethods="17"/>
        <file name="Demo.js" path="/Users/riddhi/workspace/hcis-dashboard/components/pageComponents/Demo.js">
          <metrics statements="11" coveredstatements="11" conditionals="0" coveredconditionals="0" methods="8" coveredmethods="8"/>
          <line num="10" count="1" type="stmt"/>
          <line num="11" count="1" type="stmt"/>
          <line num="12" count="1" type="stmt"/>
          <line num="13" count="1" type="stmt"/>
          <line num="17" count="1" type="stmt"/>
          <line num="18" count="10" type="stmt"/>
          <line num="29" count="1" type="stmt"/>
          <line num="30" count="3" type="stmt"/>
          <line num="40" count="1" type="stmt"/>
          <line num="41" count="5" type="stmt"/>
          <line num="51" count="1" type="stmt"/>
        </file>
        <file name="EmployeeAddEditContract.js" path="/Users/riddhi/workspace/hcis-dashboard/components/pageComponents/EmployeeAddEditContract.js">
          <metrics statements="37" coveredstatements="15" conditionals="22" coveredconditionals="7" methods="10" coveredmethods="4"/>
          <line num="15" count="4" type="stmt"/>
          <line num="16" count="4" type="stmt"/>
          <line num="31" count="4" type="stmt"/>
          <line num="32" count="4" type="stmt"/>
          <line num="33" count="4" type="stmt"/>
          <line num="34" count="4" type="stmt"/>
          <line num="35" count="4" type="stmt"/>
          <line num="36" count="4" type="stmt"/>
          <line num="37" count="4" type="stmt"/>
          <line num="41" count="0" type="stmt"/>
          <line num="42" count="0" type="stmt"/>
          <line num="46" count="0" type="stmt"/>
          <line num="47" count="0" type="stmt"/>
          <line num="48" count="0" type="stmt"/>
          <line num="49" count="0" type="stmt"/>
          <line num="64" count="0" type="cond" truecount="0" falsecount="2"/>
          <line num="65" count="0" type="cond" truecount="0" falsecount="4"/>
          <line num="66" count="0" type="stmt"/>
          <line num="68" count="0" type="stmt"/>
          <line num="69" count="0" type="stmt"/>
          <line num="72" count="0" type="stmt"/>
          <line num="73" count="0" type="stmt"/>
          <line num="75" count="0" type="stmt"/>
          <line num="79" count="0" type="stmt"/>
          <line num="80" count="0" type="stmt"/>
          <line num="81" count="0" type="stmt"/>
          <line num="85" count="0" type="stmt"/>
          <line num="86" count="0" type="stmt"/>
          <line num="87" count="0" type="stmt"/>
          <line num="91" count="3" type="stmt"/>
          <line num="92" count="3" type="cond" truecount="2" falsecount="0"/>
          <line num="93" count="3" type="stmt"/>
          <line num="97" count="0" type="stmt"/>
          <line num="104" count="0" type="stmt"/>
          <line num="111" count="12" type="stmt"/>
          <line num="202" count="20" type="stmt"/>
          <line num="222" count="1" type="stmt"/>
        </file>
        <file name="EmployeeContracts.js" path="/Users/riddhi/workspace/hcis-dashboard/components/pageComponents/EmployeeContracts.js">
          <metrics statements="44" coveredstatements="20" conditionals="28" coveredconditionals="11" methods="17" coveredmethods="5"/>
          <line num="16" count="5" type="stmt"/>
          <line num="17" count="5" type="stmt"/>
          <line num="28" count="5" type="stmt"/>
          <line num="29" count="5" type="stmt"/>
          <line num="30" count="5" type="stmt"/>
          <line num="31" count="5" type="stmt"/>
          <line num="32" count="5" type="stmt"/>
          <line num="36" count="0" type="stmt"/>
          <line num="40" count="0" type="stmt"/>
          <line num="46" count="0" type="stmt"/>
          <line num="47" count="0" type="stmt"/>
          <line num="54" count="0" type="stmt"/>
          <line num="55" count="0" type="stmt"/>
          <line num="56" count="0" type="stmt"/>
          <line num="59" count="0" type="stmt"/>
          <line num="60" count="0" type="cond" truecount="0" falsecount="2"/>
          <line num="61" count="0" type="stmt"/>
          <line num="64" count="0" type="cond" truecount="0" falsecount="2"/>
          <line num="65" count="0" type="stmt"/>
          <line num="69" count="0" type="stmt"/>
          <line num="70" count="0" type="cond" truecount="0" falsecount="2"/>
          <line num="71" count="0" type="stmt"/>
          <line num="72" count="0" type="stmt"/>
          <line num="73" count="0" type="stmt"/>
          <line num="78" count="6" type="stmt"/>
          <line num="79" count="6" type="stmt"/>
          <line num="80" count="6" type="stmt"/>
          <line num="82" count="6" type="stmt"/>
          <line num="88" count="0" type="stmt"/>
          <line num="105" count="0" type="stmt"/>
          <line num="108" count="0" type="stmt"/>
          <line num="111" count="0" type="stmt"/>
          <line num="116" count="0" type="stmt"/>
          <line num="127" count="0" type="stmt"/>
          <line num="133" count="0" type="stmt"/>
          <line num="142" count="6" type="stmt"/>
          <line num="143" count="6" type="stmt"/>
          <line num="144" count="6" type="stmt"/>
          <line num="145" count="6" type="cond" truecount="1" falsecount="1"/>
          <line num="146" count="6" type="stmt"/>
          <line num="147" count="6" type="stmt"/>
          <line num="157" count="6" type="stmt"/>
          <line num="260" count="6" type="stmt"/>
          <line num="307" count="1" type="stmt"/>
        </file>
      </package>
      <package name="hcis-dashboard.reducers">
        <metrics statements="12" coveredstatements="12" conditionals="8" coveredconditionals="8" methods="2" coveredmethods="2"/>
        <file name="employeeAddEditContract.js" path="/Users/riddhi/workspace/hcis-dashboard/reducers/employeeAddEditContract.js">
          <metrics statements="6" coveredstatements="6" conditionals="4" coveredconditionals="4" methods="1" coveredmethods="1"/>
          <line num="1" count="1" type="stmt"/>
          <line num="6" count="1" type="cond" truecount="1" falsecount="0"/>
          <line num="7" count="5" type="cond" truecount="3" falsecount="0"/>
          <line num="9" count="2" type="stmt"/>
          <line num="11" count="2" type="stmt"/>
          <line num="13" count="1" type="stmt"/>
        </file>
        <file name="employeeContracts.js" path="/Users/riddhi/workspace/hcis-dashboard/reducers/employeeContracts.js">
          <metrics statements="6" coveredstatements="6" conditionals="4" coveredconditionals="4" methods="1" coveredmethods="1"/>
          <line num="1" count="1" type="stmt"/>
          <line num="6" count="1" type="cond" truecount="1" falsecount="0"/>
          <line num="7" count="5" type="cond" truecount="3" falsecount="0"/>
          <line num="9" count="2" type="stmt"/>
          <line num="11" count="2" type="stmt"/>
          <line num="13" count="1" type="stmt"/>
        </file>
      </package>
      <package name="hcis-dashboard.testData">
        <metrics statements="11" coveredstatements="11" conditionals="0" coveredconditionals="0" methods="0" coveredmethods="0"/>
        <file name="contractReducerData.js" path="/Users/riddhi/workspace/hcis-dashboard/testData/contractReducerData.js">
          <metrics statements="11" coveredstatements="11" conditionals="0" coveredconditionals="0" methods="0" coveredmethods="0"/>
          <line num="1" count="6" type="stmt"/>
          <line num="30" count="6" type="stmt"/>
          <line num="36" count="6" type="stmt"/>
          <line num="52" count="6" type="stmt"/>
          <line num="68" count="6" type="stmt"/>
          <line num="70" count="6" type="stmt"/>
          <line num="82" count="6" type="stmt"/>
          <line num="88" count="6" type="stmt"/>
          <line num="94" count="6" type="stmt"/>
          <line num="96" count="6" type="stmt"/>
          <line num="98" count="6" type="stmt"/>
        </file>
      </package>
    </metrics>
  </project>
</coverage>
