{"/Users/riddhi/workspace/hcis-dashboard/constant.js": {"path":"/Users/riddhi/workspace/hcis-dashboard/constant.js","statementMap":{"0":{"start":{"line":1,"column":24},"end":{"line":1,"column":47}}},"fnMap":{},"branchMap":{},"s":{"0":4},"f":{},"b":{},"_coverageSchema":"332fd63041d2c1bcb487cc26dd0d5f7d97098a6c","hash":"d4b1276317500bc6036155ffafd4e4e4b6055e2c"}
,"/Users/riddhi/workspace/hcis-dashboard/routes.js": {"path":"/Users/riddhi/workspace/hcis-dashboard/routes.js","statementMap":{"0":{"start":{"line":1,"column":19},"end":{"line":1,"column":41}},"1":{"start":{"line":4,"column":15},"end":{"line":4,"column":44}},"2":{"start":{"line":6,"column":0},"end":{"line":6,"column":32}},"3":{"start":{"line":7,"column":0},"end":{"line":7,"column":61}},"4":{"start":{"line":8,"column":0},"end":{"line":8,"column":73}},"5":{"start":{"line":9,"column":0},"end":{"line":9,"column":87}}},"fnMap":{},"branchMap":{},"s":{"0":2,"1":2,"2":2,"3":2,"4":2,"5":2},"f":{},"b":{},"_coverageSchema":"332fd63041d2c1bcb487cc26dd0d5f7d97098a6c","hash":"2628da1a33b247a727ae6daed23c88fe65e9852b"}
,"/Users/riddhi/workspace/hcis-dashboard/actions/commonActions.js": {"path":"/Users/riddhi/workspace/hcis-dashboard/actions/commonActions.js","statementMap":{"0":{"start":{"line":4,"column":2},"end":{"line":15,"column":5}},"1":{"start":{"line":5,"column":4},"end":{"line":14,"column":9}},"2":{"start":{"line":9,"column":8},"end":{"line":13,"column":9}},"3":{"start":{"line":10,"column":10},"end":{"line":10,"column":28}},"4":{"start":{"line":12,"column":10},"end":{"line":12,"column":27}},"5":{"start":{"line":19,"column":2},"end":{"line":30,"column":5}},"6":{"start":{"line":20,"column":4},"end":{"line":29,"column":9}},"7":{"start":{"line":24,"column":8},"end":{"line":28,"column":9}},"8":{"start":{"line":25,"column":10},"end":{"line":25,"column":28}},"9":{"start":{"line":27,"column":10},"end":{"line":27,"column":27}},"10":{"start":{"line":34,"column":2},"end":{"line":45,"column":5}},"11":{"start":{"line":35,"column":4},"end":{"line":44,"column":9}},"12":{"start":{"line":39,"column":8},"end":{"line":43,"column":9}},"13":{"start":{"line":40,"column":10},"end":{"line":40,"column":28}},"14":{"start":{"line":42,"column":10},"end":{"line":42,"column":27}},"15":{"start":{"line":49,"column":2},"end":{"line":59,"column":5}},"16":{"start":{"line":50,"column":4},"end":{"line":58,"column":9}},"17":{"start":{"line":53,"column":8},"end":{"line":57,"column":9}},"18":{"start":{"line":54,"column":10},"end":{"line":54,"column":28}},"19":{"start":{"line":56,"column":10},"end":{"line":56,"column":27}},"20":{"start":{"line":63,"column":2},"end":{"line":75,"column":5}},"21":{"start":{"line":64,"column":4},"end":{"line":74,"column":9}},"22":{"start":{"line":69,"column":8},"end":{"line":73,"column":9}},"23":{"start":{"line":70,"column":10},"end":{"line":70,"column":28}},"24":{"start":{"line":72,"column":10},"end":{"line":72,"column":27}}},"fnMap":{"0":{"name":"apiGet","decl":{"start":{"line":3,"column":16},"end":{"line":3,"column":22}},"loc":{"start":{"line":3,"column":28},"end":{"line":16,"column":1}},"line":3},"1":{"name":"(anonymous_1)","decl":{"start":{"line":4,"column":21},"end":{"line":4,"column":22}},"loc":{"start":{"line":4,"column":42},"end":{"line":15,"column":3}},"line":4},"2":{"name":"(anonymous_2)","decl":{"start":{"line":8,"column":11},"end":{"line":8,"column":12}},"loc":{"start":{"line":8,"column":32},"end":{"line":14,"column":7}},"line":8},"3":{"name":"apiPost","decl":{"start":{"line":18,"column":16},"end":{"line":18,"column":23}},"loc":{"start":{"line":18,"column":35},"end":{"line":31,"column":1}},"line":18},"4":{"name":"(anonymous_4)","decl":{"start":{"line":19,"column":21},"end":{"line":19,"column":22}},"loc":{"start":{"line":19,"column":42},"end":{"line":30,"column":3}},"line":19},"5":{"name":"(anonymous_5)","decl":{"start":{"line":23,"column":11},"end":{"line":23,"column":12}},"loc":{"start":{"line":23,"column":32},"end":{"line":29,"column":7}},"line":23},"6":{"name":"apiPatch","decl":{"start":{"line":33,"column":16},"end":{"line":33,"column":24}},"loc":{"start":{"line":33,"column":36},"end":{"line":46,"column":1}},"line":33},"7":{"name":"(anonymous_7)","decl":{"start":{"line":34,"column":21},"end":{"line":34,"column":22}},"loc":{"start":{"line":34,"column":42},"end":{"line":45,"column":3}},"line":34},"8":{"name":"(anonymous_8)","decl":{"start":{"line":38,"column":11},"end":{"line":38,"column":12}},"loc":{"start":{"line":38,"column":32},"end":{"line":44,"column":7}},"line":38},"9":{"name":"apiDelete","decl":{"start":{"line":48,"column":16},"end":{"line":48,"column":25}},"loc":{"start":{"line":48,"column":31},"end":{"line":60,"column":1}},"line":48},"10":{"name":"(anonymous_10)","decl":{"start":{"line":49,"column":21},"end":{"line":49,"column":22}},"loc":{"start":{"line":49,"column":42},"end":{"line":59,"column":3}},"line":49},"11":{"name":"(anonymous_11)","decl":{"start":{"line":52,"column":11},"end":{"line":52,"column":12}},"loc":{"start":{"line":52,"column":32},"end":{"line":58,"column":7}},"line":52},"12":{"name":"apiPut","decl":{"start":{"line":62,"column":16},"end":{"line":62,"column":22}},"loc":{"start":{"line":62,"column":34},"end":{"line":76,"column":1}},"line":62},"13":{"name":"(anonymous_13)","decl":{"start":{"line":63,"column":21},"end":{"line":63,"column":22}},"loc":{"start":{"line":63,"column":42},"end":{"line":75,"column":3}},"line":63},"14":{"name":"(anonymous_14)","decl":{"start":{"line":68,"column":11},"end":{"line":68,"column":12}},"loc":{"start":{"line":68,"column":32},"end":{"line":74,"column":7}},"line":68}},"branchMap":{"0":{"loc":{"start":{"line":9,"column":8},"end":{"line":13,"column":9}},"type":"if","locations":[{"start":{"line":9,"column":8},"end":{"line":13,"column":9}},{"start":{"line":9,"column":8},"end":{"line":13,"column":9}}],"line":9},"1":{"loc":{"start":{"line":24,"column":8},"end":{"line":28,"column":9}},"type":"if","locations":[{"start":{"line":24,"column":8},"end":{"line":28,"column":9}},{"start":{"line":24,"column":8},"end":{"line":28,"column":9}}],"line":24},"2":{"loc":{"start":{"line":39,"column":8},"end":{"line":43,"column":9}},"type":"if","locations":[{"start":{"line":39,"column":8},"end":{"line":43,"column":9}},{"start":{"line":39,"column":8},"end":{"line":43,"column":9}}],"line":39},"3":{"loc":{"start":{"line":53,"column":8},"end":{"line":57,"column":9}},"type":"if","locations":[{"start":{"line":53,"column":8},"end":{"line":57,"column":9}},{"start":{"line":53,"column":8},"end":{"line":57,"column":9}}],"line":53},"4":{"loc":{"start":{"line":69,"column":8},"end":{"line":73,"column":9}},"type":"if","locations":[{"start":{"line":69,"column":8},"end":{"line":73,"column":9}},{"start":{"line":69,"column":8},"end":{"line":73,"column":9}}],"line":69}},"s":{"0":2,"1":2,"2":2,"3":2,"4":0,"5":1,"6":1,"7":1,"8":1,"9":0,"10":1,"11":1,"12":1,"13":1,"14":0,"15":1,"16":1,"17":1,"18":0,"19":1,"20":0,"21":0,"22":0,"23":0,"24":0},"f":{"0":2,"1":2,"2":2,"3":1,"4":1,"5":1,"6":1,"7":1,"8":1,"9":1,"10":1,"11":1,"12":0,"13":0,"14":0},"b":{"0":[2,0],"1":[1,0],"2":[1,0],"3":[0,1],"4":[0,0]},"_coverageSchema":"332fd63041d2c1bcb487cc26dd0d5f7d97098a6c","hash":"9a85addf7f9ae42c0aceb59c8024f1d644c960ca"}
,"/Users/riddhi/workspace/hcis-dashboard/actions/employeeAddEditContract.js": {"path":"/Users/riddhi/workspace/hcis-dashboard/actions/employeeAddEditContract.js","statementMap":{"0":{"start":{"line":5,"column":2},"end":{"line":17,"column":4}},"1":{"start":{"line":6,"column":4},"end":{"line":16,"column":9}},"2":{"start":{"line":8,"column":8},"end":{"line":10,"column":9}},"3":{"start":{"line":9,"column":10},"end":{"line":9,"column":35}},"4":{"start":{"line":13,"column":8},"end":{"line":15,"column":9}},"5":{"start":{"line":14,"column":10},"end":{"line":14,"column":30}},"6":{"start":{"line":21,"column":2},"end":{"line":34,"column":4}},"7":{"start":{"line":22,"column":4},"end":{"line":33,"column":9}},"8":{"start":{"line":24,"column":8},"end":{"line":24,"column":66}},"9":{"start":{"line":25,"column":8},"end":{"line":27,"column":9}},"10":{"start":{"line":26,"column":10},"end":{"line":26,"column":35}},"11":{"start":{"line":30,"column":8},"end":{"line":32,"column":9}},"12":{"start":{"line":31,"column":10},"end":{"line":31,"column":30}},"13":{"start":{"line":39,"column":2},"end":{"line":51,"column":4}},"14":{"start":{"line":40,"column":4},"end":{"line":50,"column":9}},"15":{"start":{"line":42,"column":8},"end":{"line":44,"column":9}},"16":{"start":{"line":43,"column":10},"end":{"line":43,"column":35}},"17":{"start":{"line":47,"column":8},"end":{"line":49,"column":9}},"18":{"start":{"line":48,"column":10},"end":{"line":48,"column":30}}},"fnMap":{"0":{"name":"createSalaryDetails","decl":{"start":{"line":4,"column":16},"end":{"line":4,"column":35}},"loc":{"start":{"line":4,"column":71},"end":{"line":18,"column":1}},"line":4},"1":{"name":"(anonymous_1)","decl":{"start":{"line":5,"column":9},"end":{"line":5,"column":10}},"loc":{"start":{"line":5,"column":15},"end":{"line":17,"column":3}},"line":5},"2":{"name":"(anonymous_2)","decl":{"start":{"line":7,"column":12},"end":{"line":7,"column":13}},"loc":{"start":{"line":7,"column":21},"end":{"line":11,"column":7}},"line":7},"3":{"name":"(anonymous_3)","decl":{"start":{"line":12,"column":13},"end":{"line":12,"column":14}},"loc":{"start":{"line":12,"column":22},"end":{"line":16,"column":7}},"line":12},"4":{"name":"getSalary","decl":{"start":{"line":20,"column":16},"end":{"line":20,"column":25}},"loc":{"start":{"line":20,"column":40},"end":{"line":35,"column":1}},"line":20},"5":{"name":"(anonymous_5)","decl":{"start":{"line":21,"column":9},"end":{"line":21,"column":10}},"loc":{"start":{"line":21,"column":23},"end":{"line":34,"column":3}},"line":21},"6":{"name":"(anonymous_6)","decl":{"start":{"line":23,"column":12},"end":{"line":23,"column":13}},"loc":{"start":{"line":23,"column":21},"end":{"line":28,"column":7}},"line":23},"7":{"name":"(anonymous_7)","decl":{"start":{"line":29,"column":13},"end":{"line":29,"column":14}},"loc":{"start":{"line":29,"column":22},"end":{"line":33,"column":7}},"line":29},"8":{"name":"updateSalaryDetails","decl":{"start":{"line":38,"column":16},"end":{"line":38,"column":35}},"loc":{"start":{"line":38,"column":75},"end":{"line":52,"column":1}},"line":38},"9":{"name":"(anonymous_9)","decl":{"start":{"line":39,"column":9},"end":{"line":39,"column":10}},"loc":{"start":{"line":39,"column":15},"end":{"line":51,"column":3}},"line":39},"10":{"name":"(anonymous_10)","decl":{"start":{"line":41,"column":12},"end":{"line":41,"column":13}},"loc":{"start":{"line":41,"column":21},"end":{"line":45,"column":7}},"line":41},"11":{"name":"(anonymous_11)","decl":{"start":{"line":46,"column":13},"end":{"line":46,"column":14}},"loc":{"start":{"line":46,"column":22},"end":{"line":50,"column":7}},"line":46}},"branchMap":{"0":{"loc":{"start":{"line":8,"column":8},"end":{"line":10,"column":9}},"type":"if","locations":[{"start":{"line":8,"column":8},"end":{"line":10,"column":9}},{"start":{"line":8,"column":8},"end":{"line":10,"column":9}}],"line":8},"1":{"loc":{"start":{"line":13,"column":8},"end":{"line":15,"column":9}},"type":"if","locations":[{"start":{"line":13,"column":8},"end":{"line":15,"column":9}},{"start":{"line":13,"column":8},"end":{"line":15,"column":9}}],"line":13},"2":{"loc":{"start":{"line":25,"column":8},"end":{"line":27,"column":9}},"type":"if","locations":[{"start":{"line":25,"column":8},"end":{"line":27,"column":9}},{"start":{"line":25,"column":8},"end":{"line":27,"column":9}}],"line":25},"3":{"loc":{"start":{"line":30,"column":8},"end":{"line":32,"column":9}},"type":"if","locations":[{"start":{"line":30,"column":8},"end":{"line":32,"column":9}},{"start":{"line":30,"column":8},"end":{"line":32,"column":9}}],"line":30},"4":{"loc":{"start":{"line":42,"column":8},"end":{"line":44,"column":9}},"type":"if","locations":[{"start":{"line":42,"column":8},"end":{"line":44,"column":9}},{"start":{"line":42,"column":8},"end":{"line":44,"column":9}}],"line":42},"5":{"loc":{"start":{"line":47,"column":8},"end":{"line":49,"column":9}},"type":"if","locations":[{"start":{"line":47,"column":8},"end":{"line":49,"column":9}},{"start":{"line":47,"column":8},"end":{"line":49,"column":9}}],"line":47}},"s":{"0":1,"1":1,"2":1,"3":0,"4":0,"5":0,"6":1,"7":1,"8":1,"9":1,"10":0,"11":0,"12":0,"13":1,"14":1,"15":1,"16":0,"17":0,"18":0},"f":{"0":1,"1":1,"2":1,"3":0,"4":1,"5":1,"6":1,"7":0,"8":1,"9":1,"10":1,"11":0},"b":{"0":[0,1],"1":[0,0],"2":[0,1],"3":[0,0],"4":[0,1],"5":[0,0]},"_coverageSchema":"332fd63041d2c1bcb487cc26dd0d5f7d97098a6c","hash":"3a0b21a8bf748b6ba705dfe545b5cc7b8195cdc6"}
,"/Users/riddhi/workspace/hcis-dashboard/actions/employeeContracts.js": {"path":"/Users/riddhi/workspace/hcis-dashboard/actions/employeeContracts.js","statementMap":{"0":{"start":{"line":5,"column":2},"end":{"line":18,"column":4}},"1":{"start":{"line":6,"column":4},"end":{"line":17,"column":9}},"2":{"start":{"line":8,"column":8},"end":{"line":8,"column":72}},"3":{"start":{"line":9,"column":8},"end":{"line":11,"column":9}},"4":{"start":{"line":10,"column":10},"end":{"line":10,"column":35}},"5":{"start":{"line":14,"column":8},"end":{"line":16,"column":9}},"6":{"start":{"line":15,"column":10},"end":{"line":15,"column":30}},"7":{"start":{"line":22,"column":2},"end":{"line":34,"column":4}},"8":{"start":{"line":23,"column":4},"end":{"line":33,"column":9}},"9":{"start":{"line":25,"column":8},"end":{"line":27,"column":9}},"10":{"start":{"line":26,"column":10},"end":{"line":26,"column":35}},"11":{"start":{"line":30,"column":8},"end":{"line":32,"column":9}},"12":{"start":{"line":31,"column":10},"end":{"line":31,"column":30}}},"fnMap":{"0":{"name":"getSalaryDetails","decl":{"start":{"line":4,"column":16},"end":{"line":4,"column":32}},"loc":{"start":{"line":4,"column":55},"end":{"line":19,"column":1}},"line":4},"1":{"name":"(anonymous_1)","decl":{"start":{"line":5,"column":9},"end":{"line":5,"column":10}},"loc":{"start":{"line":5,"column":23},"end":{"line":18,"column":3}},"line":5},"2":{"name":"(anonymous_2)","decl":{"start":{"line":7,"column":12},"end":{"line":7,"column":13}},"loc":{"start":{"line":7,"column":21},"end":{"line":12,"column":7}},"line":7},"3":{"name":"(anonymous_3)","decl":{"start":{"line":13,"column":13},"end":{"line":13,"column":14}},"loc":{"start":{"line":13,"column":22},"end":{"line":17,"column":7}},"line":13},"4":{"name":"deleteSalary","decl":{"start":{"line":21,"column":16},"end":{"line":21,"column":28}},"loc":{"start":{"line":21,"column":55},"end":{"line":35,"column":1}},"line":21},"5":{"name":"(anonymous_5)","decl":{"start":{"line":22,"column":9},"end":{"line":22,"column":10}},"loc":{"start":{"line":22,"column":15},"end":{"line":34,"column":3}},"line":22},"6":{"name":"(anonymous_6)","decl":{"start":{"line":24,"column":12},"end":{"line":24,"column":13}},"loc":{"start":{"line":24,"column":21},"end":{"line":28,"column":7}},"line":24},"7":{"name":"(anonymous_7)","decl":{"start":{"line":29,"column":13},"end":{"line":29,"column":14}},"loc":{"start":{"line":29,"column":22},"end":{"line":33,"column":7}},"line":29}},"branchMap":{"0":{"loc":{"start":{"line":9,"column":8},"end":{"line":11,"column":9}},"type":"if","locations":[{"start":{"line":9,"column":8},"end":{"line":11,"column":9}},{"start":{"line":9,"column":8},"end":{"line":11,"column":9}}],"line":9},"1":{"loc":{"start":{"line":14,"column":8},"end":{"line":16,"column":9}},"type":"if","locations":[{"start":{"line":14,"column":8},"end":{"line":16,"column":9}},{"start":{"line":14,"column":8},"end":{"line":16,"column":9}}],"line":14},"2":{"loc":{"start":{"line":25,"column":8},"end":{"line":27,"column":9}},"type":"if","locations":[{"start":{"line":25,"column":8},"end":{"line":27,"column":9}},{"start":{"line":25,"column":8},"end":{"line":27,"column":9}}],"line":25},"3":{"loc":{"start":{"line":30,"column":8},"end":{"line":32,"column":9}},"type":"if","locations":[{"start":{"line":30,"column":8},"end":{"line":32,"column":9}},{"start":{"line":30,"column":8},"end":{"line":32,"column":9}}],"line":30}},"s":{"0":1,"1":1,"2":1,"3":1,"4":0,"5":0,"6":0,"7":1,"8":1,"9":0,"10":0,"11":1,"12":0},"f":{"0":1,"1":1,"2":1,"3":0,"4":1,"5":1,"6":0,"7":1},"b":{"0":[0,1],"1":[0,0],"2":[0,0],"3":[0,1]},"_coverageSchema":"332fd63041d2c1bcb487cc26dd0d5f7d97098a6c","hash":"3761a12d5150b16c57c28de129e22e85a47533e3"}
,"/Users/riddhi/workspace/hcis-dashboard/components/commonComponents/Footer.js": {"path":"/Users/riddhi/workspace/hcis-dashboard/components/commonComponents/Footer.js","statementMap":{"0":{"start":{"line":5,"column":2},"end":{"line":12,"column":4}}},"fnMap":{"0":{"name":"(anonymous_0)","decl":{"start":{"line":4,"column":15},"end":{"line":4,"column":16}},"loc":{"start":{"line":4,"column":21},"end":{"line":13,"column":1}},"line":4}},"branchMap":{},"s":{"0":19},"f":{"0":19},"b":{},"_coverageSchema":"332fd63041d2c1bcb487cc26dd0d5f7d97098a6c","hash":"9cee75ec6b48d73901d7300ec8a130c627b9f0ea"}
,"/Users/riddhi/workspace/hcis-dashboard/components/commonComponents/Head.js": {"path":"/Users/riddhi/workspace/hcis-dashboard/components/commonComponents/Head.js","statementMap":{"0":{"start":{"line":5,"column":2},"end":{"line":36,"column":4}}},"fnMap":{"0":{"name":"(anonymous_0)","decl":{"start":{"line":4,"column":15},"end":{"line":4,"column":16}},"loc":{"start":{"line":4,"column":21},"end":{"line":37,"column":1}},"line":4}},"branchMap":{},"s":{"0":19},"f":{"0":19},"b":{},"_coverageSchema":"332fd63041d2c1bcb487cc26dd0d5f7d97098a6c","hash":"40113996afd8781eff6f8425c97df34f0d916815"}
,"/Users/riddhi/workspace/hcis-dashboard/components/commonComponents/Navbar.js": {"path":"/Users/riddhi/workspace/hcis-dashboard/components/commonComponents/Navbar.js","statementMap":{"0":{"start":{"line":5,"column":2},"end":{"line":26,"column":4}}},"fnMap":{"0":{"name":"(anonymous_0)","decl":{"start":{"line":4,"column":15},"end":{"line":4,"column":16}},"loc":{"start":{"line":4,"column":21},"end":{"line":27,"column":1}},"line":4}},"branchMap":{},"s":{"0":19},"f":{"0":19},"b":{},"_coverageSchema":"332fd63041d2c1bcb487cc26dd0d5f7d97098a6c","hash":"b191ede13c3823e849f36757580599915d0cbd65"}
,"/Users/riddhi/workspace/hcis-dashboard/components/pageComponents/Demo.js": {"path":"/Users/riddhi/workspace/hcis-dashboard/components/pageComponents/Demo.js","statementMap":{"0":{"start":{"line":10,"column":4},"end":{"line":10,"column":17}},"1":{"start":{"line":11,"column":4},"end":{"line":11,"column":57}},"2":{"start":{"line":12,"column":4},"end":{"line":12,"column":75}},"3":{"start":{"line":13,"column":4},"end":{"line":13,"column":71}},"4":{"start":{"line":17,"column":4},"end":{"line":25,"column":7}},"5":{"start":{"line":18,"column":6},"end":{"line":24,"column":8}},"6":{"start":{"line":29,"column":4},"end":{"line":36,"column":7}},"7":{"start":{"line":30,"column":6},"end":{"line":35,"column":8}},"8":{"start":{"line":40,"column":4},"end":{"line":47,"column":7}},"9":{"start":{"line":41,"column":6},"end":{"line":46,"column":8}},"10":{"start":{"line":51,"column":4},"end":{"line":88,"column":6}}},"fnMap":{"0":{"name":"(anonymous_0)","decl":{"start":{"line":9,"column":2},"end":{"line":9,"column":3}},"loc":{"start":{"line":9,"column":21},"end":{"line":14,"column":3}},"line":9},"1":{"name":"(anonymous_1)","decl":{"start":{"line":16,"column":2},"end":{"line":16,"column":3}},"loc":{"start":{"line":16,"column":19},"end":{"line":26,"column":3}},"line":16},"2":{"name":"(anonymous_2)","decl":{"start":{"line":17,"column":62},"end":{"line":17,"column":63}},"loc":{"start":{"line":17,"column":73},"end":{"line":25,"column":5}},"line":17},"3":{"name":"(anonymous_3)","decl":{"start":{"line":28,"column":2},"end":{"line":28,"column":3}},"loc":{"start":{"line":28,"column":28},"end":{"line":37,"column":3}},"line":28},"4":{"name":"(anonymous_4)","decl":{"start":{"line":29,"column":64},"end":{"line":29,"column":65}},"loc":{"start":{"line":29,"column":75},"end":{"line":36,"column":5}},"line":29},"5":{"name":"(anonymous_5)","decl":{"start":{"line":39,"column":2},"end":{"line":39,"column":3}},"loc":{"start":{"line":39,"column":26},"end":{"line":48,"column":3}},"line":39},"6":{"name":"(anonymous_6)","decl":{"start":{"line":40,"column":62},"end":{"line":40,"column":63}},"loc":{"start":{"line":40,"column":73},"end":{"line":47,"column":5}},"line":40},"7":{"name":"(anonymous_7)","decl":{"start":{"line":50,"column":2},"end":{"line":50,"column":3}},"loc":{"start":{"line":50,"column":11},"end":{"line":89,"column":3}},"line":50}},"branchMap":{},"s":{"0":1,"1":1,"2":1,"3":1,"4":1,"5":10,"6":1,"7":3,"8":1,"9":5,"10":1},"f":{"0":1,"1":1,"2":10,"3":1,"4":3,"5":1,"6":5,"7":1},"b":{},"_coverageSchema":"332fd63041d2c1bcb487cc26dd0d5f7d97098a6c","hash":"9b8c34016bda9b38e2516e3808a188067c761892"}
,"/Users/riddhi/workspace/hcis-dashboard/components/pageComponents/EmployeeAddEditContract.js": {"path":"/Users/riddhi/workspace/hcis-dashboard/components/pageComponents/EmployeeAddEditContract.js","statementMap":{"0":{"start":{"line":15,"column":4},"end":{"line":15,"column":17}},"1":{"start":{"line":16,"column":4},"end":{"line":30,"column":6}},"2":{"start":{"line":31,"column":4},"end":{"line":31,"column":53}},"3":{"start":{"line":32,"column":4},"end":{"line":32,"column":63}},"4":{"start":{"line":33,"column":4},"end":{"line":33,"column":63}},"5":{"start":{"line":34,"column":4},"end":{"line":34,"column":59}},"6":{"start":{"line":35,"column":4},"end":{"line":35,"column":53}},"7":{"start":{"line":36,"column":4},"end":{"line":36,"column":47}},"8":{"start":{"line":37,"column":4},"end":{"line":37,"column":57}},"9":{"start":{"line":41,"column":23},"end":{"line":41,"column":55}},"10":{"start":{"line":42,"column":4},"end":{"line":42,"column":54}},"11":{"start":{"line":46,"column":4},"end":{"line":46,"column":23}},"12":{"start":{"line":47,"column":23},"end":{"line":47,"column":55}},"13":{"start":{"line":48,"column":27},"end":{"line":48,"column":67}},"14":{"start":{"line":49,"column":24},"end":{"line":63,"column":5}},"15":{"start":{"line":64,"column":4},"end":{"line":74,"column":5}},"16":{"start":{"line":65,"column":6},"end":{"line":70,"column":7}},"17":{"start":{"line":66,"column":8},"end":{"line":66,"column":30}},"18":{"start":{"line":68,"column":8},"end":{"line":68,"column":72}},"19":{"start":{"line":69,"column":8},"end":{"line":69,"column":25}},"20":{"start":{"line":72,"column":6},"end":{"line":72,"column":74}},"21":{"start":{"line":73,"column":6},"end":{"line":73,"column":23}},"22":{"start":{"line":75,"column":4},"end":{"line":75,"column":54}},"23":{"start":{"line":79,"column":26},"end":{"line":79,"column":49}},"24":{"start":{"line":80,"column":4},"end":{"line":80,"column":36}},"25":{"start":{"line":81,"column":4},"end":{"line":81,"column":37}},"26":{"start":{"line":85,"column":26},"end":{"line":85,"column":49}},"27":{"start":{"line":86,"column":4},"end":{"line":86,"column":34}},"28":{"start":{"line":87,"column":4},"end":{"line":87,"column":37}},"29":{"start":{"line":91,"column":26},"end":{"line":91,"column":49}},"30":{"start":{"line":92,"column":4},"end":{"line":92,"column":120}},"31":{"start":{"line":93,"column":4},"end":{"line":93,"column":37}},"32":{"start":{"line":97,"column":4},"end":{"line":100,"column":7}},"33":{"start":{"line":104,"column":4},"end":{"line":107,"column":7}},"34":{"start":{"line":111,"column":4},"end":{"line":218,"column":6}},"35":{"start":{"line":202,"column":52},"end":{"line":202,"column":65}},"36":{"start":{"line":222,"column":0},"end":{"line":233,"column":2}}},"fnMap":{"0":{"name":"(anonymous_0)","decl":{"start":{"line":14,"column":2},"end":{"line":14,"column":3}},"loc":{"start":{"line":14,"column":21},"end":{"line":38,"column":3}},"line":14},"1":{"name":"(anonymous_1)","decl":{"start":{"line":40,"column":2},"end":{"line":40,"column":3}},"loc":{"start":{"line":40,"column":17},"end":{"line":43,"column":3}},"line":40},"2":{"name":"(anonymous_2)","decl":{"start":{"line":45,"column":2},"end":{"line":45,"column":3}},"loc":{"start":{"line":45,"column":18},"end":{"line":76,"column":3}},"line":45},"3":{"name":"(anonymous_3)","decl":{"start":{"line":78,"column":2},"end":{"line":78,"column":3}},"loc":{"start":{"line":78,"column":26},"end":{"line":82,"column":3}},"line":78},"4":{"name":"(anonymous_4)","decl":{"start":{"line":84,"column":2},"end":{"line":84,"column":3}},"loc":{"start":{"line":84,"column":24},"end":{"line":88,"column":3}},"line":84},"5":{"name":"(anonymous_5)","decl":{"start":{"line":90,"column":2},"end":{"line":90,"column":3}},"loc":{"start":{"line":90,"column":27},"end":{"line":94,"column":3}},"line":90},"6":{"name":"(anonymous_6)","decl":{"start":{"line":96,"column":2},"end":{"line":96,"column":3}},"loc":{"start":{"line":96,"column":14},"end":{"line":101,"column":3}},"line":96},"7":{"name":"(anonymous_7)","decl":{"start":{"line":103,"column":2},"end":{"line":103,"column":3}},"loc":{"start":{"line":103,"column":19},"end":{"line":108,"column":3}},"line":103},"8":{"name":"(anonymous_8)","decl":{"start":{"line":110,"column":2},"end":{"line":110,"column":3}},"loc":{"start":{"line":110,"column":11},"end":{"line":219,"column":3}},"line":110},"9":{"name":"(anonymous_9)","decl":{"start":{"line":202,"column":43},"end":{"line":202,"column":44}},"loc":{"start":{"line":202,"column":50},"end":{"line":202,"column":67}},"line":202}},"branchMap":{"0":{"loc":{"start":{"line":18,"column":20},"end":{"line":18,"column":102}},"type":"cond-expr","locations":[{"start":{"line":18,"column":47},"end":{"line":18,"column":49}},{"start":{"line":18,"column":52},"end":{"line":18,"column":102}}],"line":18},"1":{"loc":{"start":{"line":19,"column":18},"end":{"line":19,"column":98}},"type":"cond-expr","locations":[{"start":{"line":19,"column":45},"end":{"line":19,"column":47}},{"start":{"line":19,"column":50},"end":{"line":19,"column":98}}],"line":19},"2":{"loc":{"start":{"line":20,"column":14},"end":{"line":20,"column":91}},"type":"cond-expr","locations":[{"start":{"line":20,"column":41},"end":{"line":20,"column":43}},{"start":{"line":20,"column":46},"end":{"line":20,"column":91}}],"line":20},"3":{"loc":{"start":{"line":21,"column":16},"end":{"line":21,"column":86}},"type":"cond-expr","locations":[{"start":{"line":21,"column":43},"end":{"line":21,"column":45}},{"start":{"line":21,"column":48},"end":{"line":21,"column":86}}],"line":21},"4":{"loc":{"start":{"line":54,"column":20},"end":{"line":54,"column":80}},"type":"cond-expr","locations":[{"start":{"line":54,"column":47},"end":{"line":54,"column":73}},{"start":{"line":54,"column":76},"end":{"line":54,"column":80}}],"line":54},"5":{"loc":{"start":{"line":55,"column":20},"end":{"line":55,"column":80}},"type":"cond-expr","locations":[{"start":{"line":55,"column":47},"end":{"line":55,"column":51}},{"start":{"line":55,"column":54},"end":{"line":55,"column":80}}],"line":55},"6":{"loc":{"start":{"line":64,"column":4},"end":{"line":74,"column":5}},"type":"if","locations":[{"start":{"line":64,"column":4},"end":{"line":74,"column":5}},{"start":{"line":64,"column":4},"end":{"line":74,"column":5}}],"line":64},"7":{"loc":{"start":{"line":65,"column":6},"end":{"line":70,"column":7}},"type":"if","locations":[{"start":{"line":65,"column":6},"end":{"line":70,"column":7}},{"start":{"line":65,"column":6},"end":{"line":70,"column":7}}],"line":65},"8":{"loc":{"start":{"line":65,"column":10},"end":{"line":65,"column":93}},"type":"binary-expr","locations":[{"start":{"line":65,"column":10},"end":{"line":65,"column":41}},{"start":{"line":65,"column":45},"end":{"line":65,"column":93}}],"line":65},"9":{"loc":{"start":{"line":92,"column":39},"end":{"line":92,"column":119}},"type":"cond-expr","locations":[{"start":{"line":92,"column":72},"end":{"line":92,"column":98}},{"start":{"line":92,"column":101},"end":{"line":92,"column":119}}],"line":92},"10":{"loc":{"start":{"line":118,"column":22},"end":{"line":118,"column":63}},"type":"cond-expr","locations":[{"start":{"line":118,"column":49},"end":{"line":118,"column":54}},{"start":{"line":118,"column":57},"end":{"line":118,"column":63}}],"line":118}},"s":{"0":4,"1":4,"2":4,"3":4,"4":4,"5":4,"6":4,"7":4,"8":4,"9":0,"10":0,"11":0,"12":0,"13":0,"14":0,"15":0,"16":0,"17":0,"18":0,"19":0,"20":0,"21":0,"22":0,"23":0,"24":0,"25":0,"26":0,"27":0,"28":0,"29":3,"30":3,"31":3,"32":0,"33":0,"34":12,"35":20,"36":1},"f":{"0":4,"1":0,"2":0,"3":0,"4":0,"5":3,"6":0,"7":0,"8":12,"9":20},"b":{"0":[0,4],"1":[0,4],"2":[0,4],"3":[0,4],"4":[0,0],"5":[0,0],"6":[0,0],"7":[0,0],"8":[0,0],"9":[1,2],"10":[0,12]},"_coverageSchema":"332fd63041d2c1bcb487cc26dd0d5f7d97098a6c","hash":"c560958f905f1a5d257ac13a37798e39c8c1a4d1"}
,"/Users/riddhi/workspace/hcis-dashboard/components/pageComponents/EmployeeContracts.js": {"path":"/Users/riddhi/workspace/hcis-dashboard/components/pageComponents/EmployeeContracts.js","statementMap":{"0":{"start":{"line":16,"column":4},"end":{"line":16,"column":17}},"1":{"start":{"line":17,"column":4},"end":{"line":27,"column":6}},"2":{"start":{"line":28,"column":4},"end":{"line":28,"column":73}},"3":{"start":{"line":29,"column":4},"end":{"line":29,"column":63}},"4":{"start":{"line":30,"column":4},"end":{"line":30,"column":41}},"5":{"start":{"line":31,"column":4},"end":{"line":31,"column":61}},"6":{"start":{"line":32,"column":4},"end":{"line":32,"column":69}},"7":{"start":{"line":36,"column":4},"end":{"line":36,"column":29}},"8":{"start":{"line":40,"column":4},"end":{"line":42,"column":7}},"9":{"start":{"line":46,"column":4},"end":{"line":46,"column":46}},"10":{"start":{"line":47,"column":4},"end":{"line":50,"column":7}},"11":{"start":{"line":54,"column":4},"end":{"line":54,"column":35}},"12":{"start":{"line":55,"column":23},"end":{"line":55,"column":44}},"13":{"start":{"line":56,"column":27},"end":{"line":58,"column":5}},"14":{"start":{"line":59,"column":4},"end":{"line":74,"column":7}},"15":{"start":{"line":60,"column":6},"end":{"line":68,"column":7}},"16":{"start":{"line":61,"column":8},"end":{"line":63,"column":11}},"17":{"start":{"line":64,"column":13},"end":{"line":68,"column":7}},"18":{"start":{"line":65,"column":8},"end":{"line":67,"column":11}},"19":{"start":{"line":69,"column":20},"end":{"line":69,"column":32}},"20":{"start":{"line":70,"column":25},"end":{"line":70,"column":52}},"21":{"start":{"line":71,"column":18},"end":{"line":71,"column":35}},"22":{"start":{"line":72,"column":20},"end":{"line":72,"column":60}},"23":{"start":{"line":73,"column":6},"end":{"line":73,"column":54}},"24":{"start":{"line":78,"column":18},"end":{"line":78,"column":32}},"25":{"start":{"line":79,"column":18},"end":{"line":79,"column":50}},"26":{"start":{"line":80,"column":28},"end":{"line":80,"column":74}},"27":{"start":{"line":82,"column":4},"end":{"line":137,"column":6}},"28":{"start":{"line":88,"column":12},"end":{"line":91,"column":15}},"29":{"start":{"line":105,"column":12},"end":{"line":105,"column":40}},"30":{"start":{"line":108,"column":12},"end":{"line":108,"column":43}},"31":{"start":{"line":111,"column":12},"end":{"line":113,"column":15}},"32":{"start":{"line":116,"column":12},"end":{"line":118,"column":15}},"33":{"start":{"line":127,"column":12},"end":{"line":129,"column":15}},"34":{"start":{"line":133,"column":12},"end":{"line":133,"column":42}},"35":{"start":{"line":142,"column":18},"end":{"line":142,"column":20}},"36":{"start":{"line":143,"column":18},"end":{"line":143,"column":50}},"37":{"start":{"line":144,"column":4},"end":{"line":144,"column":73}},"38":{"start":{"line":145,"column":4},"end":{"line":155,"column":5}},"39":{"start":{"line":146,"column":6},"end":{"line":154,"column":9}},"40":{"start":{"line":147,"column":8},"end":{"line":153,"column":10}},"41":{"start":{"line":157,"column":4},"end":{"line":303,"column":6}},"42":{"start":{"line":260,"column":24},"end":{"line":260,"column":68}},"43":{"start":{"line":307,"column":0},"end":{"line":322,"column":2}}},"fnMap":{"0":{"name":"(anonymous_0)","decl":{"start":{"line":15,"column":2},"end":{"line":15,"column":3}},"loc":{"start":{"line":15,"column":21},"end":{"line":33,"column":3}},"line":15},"1":{"name":"(anonymous_1)","decl":{"start":{"line":35,"column":2},"end":{"line":35,"column":3}},"loc":{"start":{"line":35,"column":27},"end":{"line":37,"column":3}},"line":35},"2":{"name":"(anonymous_2)","decl":{"start":{"line":39,"column":2},"end":{"line":39,"column":3}},"loc":{"start":{"line":39,"column":22},"end":{"line":43,"column":3}},"line":39},"3":{"name":"(anonymous_3)","decl":{"start":{"line":45,"column":2},"end":{"line":45,"column":3}},"loc":{"start":{"line":45,"column":31},"end":{"line":51,"column":3}},"line":45},"4":{"name":"(anonymous_4)","decl":{"start":{"line":53,"column":2},"end":{"line":53,"column":3}},"loc":{"start":{"line":53,"column":25},"end":{"line":75,"column":3}},"line":53},"5":{"name":"(anonymous_5)","decl":{"start":{"line":59,"column":52},"end":{"line":59,"column":53}},"loc":{"start":{"line":59,"column":66},"end":{"line":74,"column":5}},"line":59},"6":{"name":"(anonymous_6)","decl":{"start":{"line":77,"column":2},"end":{"line":77,"column":3}},"loc":{"start":{"line":77,"column":27},"end":{"line":138,"column":3}},"line":77},"7":{"name":"(anonymous_7)","decl":{"start":{"line":87,"column":20},"end":{"line":87,"column":21}},"loc":{"start":{"line":87,"column":26},"end":{"line":92,"column":11}},"line":87},"8":{"name":"(anonymous_8)","decl":{"start":{"line":104,"column":21},"end":{"line":104,"column":22}},"loc":{"start":{"line":104,"column":27},"end":{"line":106,"column":11}},"line":104},"9":{"name":"(anonymous_9)","decl":{"start":{"line":107,"column":20},"end":{"line":107,"column":21}},"loc":{"start":{"line":107,"column":26},"end":{"line":109,"column":11}},"line":107},"10":{"name":"(anonymous_10)","decl":{"start":{"line":110,"column":23},"end":{"line":110,"column":24}},"loc":{"start":{"line":110,"column":29},"end":{"line":114,"column":11}},"line":110},"11":{"name":"(anonymous_11)","decl":{"start":{"line":115,"column":26},"end":{"line":115,"column":27}},"loc":{"start":{"line":115,"column":32},"end":{"line":119,"column":11}},"line":115},"12":{"name":"(anonymous_12)","decl":{"start":{"line":126,"column":23},"end":{"line":126,"column":24}},"loc":{"start":{"line":126,"column":29},"end":{"line":130,"column":11}},"line":126},"13":{"name":"(anonymous_13)","decl":{"start":{"line":132,"column":21},"end":{"line":132,"column":22}},"loc":{"start":{"line":132,"column":27},"end":{"line":134,"column":11}},"line":132},"14":{"name":"(anonymous_14)","decl":{"start":{"line":140,"column":2},"end":{"line":140,"column":3}},"loc":{"start":{"line":140,"column":11},"end":{"line":304,"column":3}},"line":140},"15":{"name":"(anonymous_15)","decl":{"start":{"line":146,"column":64},"end":{"line":146,"column":65}},"loc":{"start":{"line":146,"column":73},"end":{"line":154,"column":7}},"line":146},"16":{"name":"(anonymous_16)","decl":{"start":{"line":259,"column":34},"end":{"line":259,"column":35}},"loc":{"start":{"line":259,"column":44},"end":{"line":261,"column":23}},"line":259}},"branchMap":{"0":{"loc":{"start":{"line":23,"column":18},"end":{"line":23,"column":73}},"type":"cond-expr","locations":[{"start":{"line":23,"column":41},"end":{"line":23,"column":69}},{"start":{"line":23,"column":72},"end":{"line":23,"column":73}}],"line":23},"1":{"loc":{"start":{"line":24,"column":12},"end":{"line":24,"column":95}},"type":"cond-expr","locations":[{"start":{"line":24,"column":46},"end":{"line":24,"column":91}},{"start":{"line":24,"column":94},"end":{"line":24,"column":95}}],"line":24},"2":{"loc":{"start":{"line":25,"column":17},"end":{"line":25,"column":101}},"type":"cond-expr","locations":[{"start":{"line":25,"column":51},"end":{"line":25,"column":97}},{"start":{"line":25,"column":100},"end":{"line":25,"column":101}}],"line":25},"3":{"loc":{"start":{"line":26,"column":13},"end":{"line":26,"column":97}},"type":"cond-expr","locations":[{"start":{"line":26,"column":47},"end":{"line":26,"column":93}},{"start":{"line":26,"column":96},"end":{"line":26,"column":97}}],"line":26},"4":{"loc":{"start":{"line":60,"column":6},"end":{"line":68,"column":7}},"type":"if","locations":[{"start":{"line":60,"column":6},"end":{"line":68,"column":7}},{"start":{"line":60,"column":6},"end":{"line":68,"column":7}}],"line":60},"5":{"loc":{"start":{"line":64,"column":13},"end":{"line":68,"column":7}},"type":"if","locations":[{"start":{"line":64,"column":13},"end":{"line":68,"column":7}},{"start":{"line":64,"column":13},"end":{"line":68,"column":7}}],"line":64},"6":{"loc":{"start":{"line":70,"column":25},"end":{"line":70,"column":52}},"type":"cond-expr","locations":[{"start":{"line":70,"column":38},"end":{"line":70,"column":48}},{"start":{"line":70,"column":51},"end":{"line":70,"column":52}}],"line":70},"7":{"loc":{"start":{"line":145,"column":4},"end":{"line":155,"column":5}},"type":"if","locations":[{"start":{"line":145,"column":4},"end":{"line":155,"column":5}},{"start":{"line":145,"column":4},"end":{"line":155,"column":5}}],"line":145},"8":{"loc":{"start":{"line":218,"column":20},"end":{"line":221,"column":36}},"type":"cond-expr","locations":[{"start":{"line":219,"column":20},"end":{"line":219,"column":50}},{"start":{"line":221,"column":20},"end":{"line":221,"column":36}}],"line":218},"9":{"loc":{"start":{"line":224,"column":22},"end":{"line":229,"column":29}},"type":"cond-expr","locations":[{"start":{"line":225,"column":22},"end":{"line":225,"column":24}},{"start":{"line":227,"column":22},"end":{"line":229,"column":29}}],"line":224},"10":{"loc":{"start":{"line":233,"column":18},"end":{"line":277,"column":44}},"type":"cond-expr","locations":[{"start":{"line":234,"column":18},"end":{"line":276,"column":35}},{"start":{"line":277,"column":20},"end":{"line":277,"column":44}}],"line":233},"11":{"loc":{"start":{"line":264,"column":21},"end":{"line":274,"column":24}},"type":"cond-expr","locations":[{"start":{"line":265,"column":22},"end":{"line":272,"column":42}},{"start":{"line":274,"column":22},"end":{"line":274,"column":24}}],"line":264},"12":{"loc":{"start":{"line":281,"column":14},"end":{"line":297,"column":16}},"type":"cond-expr","locations":[{"start":{"line":282,"column":14},"end":{"line":295,"column":20}},{"start":{"line":297,"column":14},"end":{"line":297,"column":16}}],"line":281},"13":{"loc":{"start":{"line":287,"column":20},"end":{"line":290,"column":23}},"type":"cond-expr","locations":[{"start":{"line":289,"column":20},"end":{"line":289,"column":71}},{"start":{"line":290,"column":22},"end":{"line":290,"column":23}}],"line":287}},"s":{"0":5,"1":5,"2":5,"3":5,"4":5,"5":5,"6":5,"7":0,"8":0,"9":0,"10":0,"11":0,"12":0,"13":0,"14":0,"15":0,"16":0,"17":0,"18":0,"19":0,"20":0,"21":0,"22":0,"23":0,"24":6,"25":6,"26":6,"27":6,"28":0,"29":0,"30":0,"31":0,"32":0,"33":0,"34":0,"35":6,"36":6,"37":6,"38":6,"39":6,"40":6,"41":6,"42":6,"43":1},"f":{"0":5,"1":0,"2":0,"3":0,"4":0,"5":0,"6":6,"7":0,"8":0,"9":0,"10":0,"11":0,"12":0,"13":0,"14":6,"15":6,"16":6},"b":{"0":[0,5],"1":[5,0],"2":[5,0],"3":[5,0],"4":[0,0],"5":[0,0],"6":[0,0],"7":[6,0],"8":[6,0],"9":[0,6],"10":[6,0],"11":[6,0],"12":[6,0],"13":[6,0]},"_coverageSchema":"332fd63041d2c1bcb487cc26dd0d5f7d97098a6c","hash":"6910d973c711383cf099c04ef18f1e4e2c30a541"}
,"/Users/riddhi/workspace/hcis-dashboard/reducers/employeeAddEditContract.js": {"path":"/Users/riddhi/workspace/hcis-dashboard/reducers/employeeAddEditContract.js","statementMap":{"0":{"start":{"line":1,"column":21},"end":{"line":4,"column":1}},"1":{"start":{"line":6,"column":23},"end":{"line":15,"column":1}},"2":{"start":{"line":7,"column":2},"end":{"line":14,"column":3}},"3":{"start":{"line":9,"column":6},"end":{"line":9,"column":75}},"4":{"start":{"line":11,"column":6},"end":{"line":11,"column":63}},"5":{"start":{"line":13,"column":6},"end":{"line":13,"column":19}}},"fnMap":{"0":{"name":"(anonymous_0)","decl":{"start":{"line":6,"column":23},"end":{"line":6,"column":24}},"loc":{"start":{"line":6,"column":57},"end":{"line":15,"column":1}},"line":6}},"branchMap":{"0":{"loc":{"start":{"line":6,"column":24},"end":{"line":6,"column":44}},"type":"default-arg","locations":[{"start":{"line":6,"column":32},"end":{"line":6,"column":44}}],"line":6},"1":{"loc":{"start":{"line":7,"column":2},"end":{"line":14,"column":3}},"type":"switch","locations":[{"start":{"line":8,"column":4},"end":{"line":9,"column":75}},{"start":{"line":10,"column":4},"end":{"line":11,"column":63}},{"start":{"line":12,"column":4},"end":{"line":13,"column":19}}],"line":7}},"s":{"0":1,"1":1,"2":5,"3":2,"4":2,"5":1},"f":{"0":5},"b":{"0":[1],"1":[2,2,1]},"_coverageSchema":"332fd63041d2c1bcb487cc26dd0d5f7d97098a6c","hash":"422e79aedcd74ce35e56850780c79852e556a78a"}
,"/Users/riddhi/workspace/hcis-dashboard/reducers/employeeContracts.js": {"path":"/Users/riddhi/workspace/hcis-dashboard/reducers/employeeContracts.js","statementMap":{"0":{"start":{"line":1,"column":21},"end":{"line":4,"column":1}},"1":{"start":{"line":6,"column":28},"end":{"line":15,"column":1}},"2":{"start":{"line":7,"column":2},"end":{"line":14,"column":3}},"3":{"start":{"line":9,"column":6},"end":{"line":9,"column":81}},"4":{"start":{"line":11,"column":6},"end":{"line":11,"column":63}},"5":{"start":{"line":13,"column":6},"end":{"line":13,"column":19}}},"fnMap":{"0":{"name":"(anonymous_0)","decl":{"start":{"line":6,"column":28},"end":{"line":6,"column":29}},"loc":{"start":{"line":6,"column":62},"end":{"line":15,"column":1}},"line":6}},"branchMap":{"0":{"loc":{"start":{"line":6,"column":29},"end":{"line":6,"column":49}},"type":"default-arg","locations":[{"start":{"line":6,"column":37},"end":{"line":6,"column":49}}],"line":6},"1":{"loc":{"start":{"line":7,"column":2},"end":{"line":14,"column":3}},"type":"switch","locations":[{"start":{"line":8,"column":4},"end":{"line":9,"column":81}},{"start":{"line":10,"column":4},"end":{"line":11,"column":63}},{"start":{"line":12,"column":4},"end":{"line":13,"column":19}}],"line":7}},"s":{"0":1,"1":1,"2":5,"3":2,"4":2,"5":1},"f":{"0":5},"b":{"0":[1],"1":[2,2,1]},"_coverageSchema":"332fd63041d2c1bcb487cc26dd0d5f7d97098a6c","hash":"1084576f303b658942148e84b144fa1eb3b73fb5"}
,"/Users/riddhi/workspace/hcis-dashboard/testData/contractReducerData.js": {"path":"/Users/riddhi/workspace/hcis-dashboard/testData/contractReducerData.js","statementMap":{"0":{"start":{"line":1,"column":21},"end":{"line":28,"column":1}},"1":{"start":{"line":30,"column":14},"end":{"line":34,"column":1}},"2":{"start":{"line":36,"column":17},"end":{"line":50,"column":1}},"3":{"start":{"line":52,"column":20},"end":{"line":66,"column":1}},"4":{"start":{"line":68,"column":12},"end":{"line":68,"column":20}},"5":{"start":{"line":70,"column":20},"end":{"line":80,"column":1}},"6":{"start":{"line":82,"column":16},"end":{"line":86,"column":1}},"7":{"start":{"line":88,"column":20},"end":{"line":92,"column":1}},"8":{"start":{"line":94,"column":13},"end":{"line":94,"column":24}},"9":{"start":{"line":96,"column":14},"end":{"line":96,"column":19}},"10":{"start":{"line":98,"column":23},"end":{"line":100,"column":1}}},"fnMap":{},"branchMap":{},"s":{"0":6,"1":6,"2":6,"3":6,"4":6,"5":6,"6":6,"7":6,"8":6,"9":6,"10":6},"f":{},"b":{},"_coverageSchema":"332fd63041d2c1bcb487cc26dd0d5f7d97098a6c","hash":"1f3f3cf375ce290444a84bbc39646acf21f270d1"}
}
