TN:
SF:/Users/riddhi/workspace/hcis-dashboard/constant.js
FNF:0
FNH:0
DA:1,4
LF:1
LH:1
BRF:0
BRH:0
end_of_record
TN:
SF:/Users/riddhi/workspace/hcis-dashboard/routes.js
FNF:0
FNH:0
DA:1,2
DA:4,2
DA:6,2
DA:7,2
DA:8,2
DA:9,2
LF:6
LH:6
BRF:0
BRH:0
end_of_record
TN:
SF:/Users/riddhi/workspace/hcis-dashboard/actions/commonActions.js
FN:3,apiGet
FN:4,(anonymous_1)
FN:8,(anonymous_2)
FN:18,apiPost
FN:19,(anonymous_4)
FN:23,(anonymous_5)
FN:33,apiPatch
FN:34,(anonymous_7)
FN:38,(anonymous_8)
FN:48,apiDelete
FN:49,(anonymous_10)
FN:52,(anonymous_11)
FN:62,apiPut
FN:63,(anonymous_13)
FN:68,(anonymous_14)
FNF:15
FNH:12
FNDA:2,apiGet
FNDA:2,(anonymous_1)
FNDA:2,(anonymous_2)
FNDA:1,apiPost
FNDA:1,(anonymous_4)
FNDA:1,(anonymous_5)
FNDA:1,apiPatch
FNDA:1,(anonymous_7)
FNDA:1,(anonymous_8)
FNDA:1,apiDelete
FNDA:1,(anonymous_10)
FNDA:1,(anonymous_11)
FNDA:0,apiPut
FNDA:0,(anonymous_13)
FNDA:0,(anonymous_14)
DA:4,2
DA:5,2
DA:9,2
DA:10,2
DA:12,0
DA:19,1
DA:20,1
DA:24,1
DA:25,1
DA:27,0
DA:34,1
DA:35,1
DA:39,1
DA:40,1
DA:42,0
DA:49,1
DA:50,1
DA:53,1
DA:54,0
DA:56,1
DA:63,0
DA:64,0
DA:69,0
DA:70,0
DA:72,0
LF:25
LH:16
BRDA:9,0,0,2
BRDA:9,0,1,0
BRDA:24,1,0,1
BRDA:24,1,1,0
BRDA:39,2,0,1
BRDA:39,2,1,0
BRDA:53,3,0,0
BRDA:53,3,1,1
BRDA:69,4,0,0
BRDA:69,4,1,0
BRF:10
BRH:4
end_of_record
TN:
SF:/Users/riddhi/workspace/hcis-dashboard/actions/employeeAddEditContract.js
FN:4,createSalaryDetails
FN:5,(anonymous_1)
FN:7,(anonymous_2)
FN:12,(anonymous_3)
FN:20,getSalary
FN:21,(anonymous_5)
FN:23,(anonymous_6)
FN:29,(anonymous_7)
FN:38,updateSalaryDetails
FN:39,(anonymous_9)
FN:41,(anonymous_10)
FN:46,(anonymous_11)
FNF:12
FNH:9
FNDA:1,createSalaryDetails
FNDA:1,(anonymous_1)
FNDA:1,(anonymous_2)
FNDA:0,(anonymous_3)
FNDA:1,getSalary
FNDA:1,(anonymous_5)
FNDA:1,(anonymous_6)
FNDA:0,(anonymous_7)
FNDA:1,updateSalaryDetails
FNDA:1,(anonymous_9)
FNDA:1,(anonymous_10)
FNDA:0,(anonymous_11)
DA:5,1
DA:6,1
DA:8,1
DA:9,0
DA:13,0
DA:14,0
DA:21,1
DA:22,1
DA:24,1
DA:25,1
DA:26,0
DA:30,0
DA:31,0
DA:39,1
DA:40,1
DA:42,1
DA:43,0
DA:47,0
DA:48,0
LF:19
LH:10
BRDA:8,0,0,0
BRDA:8,0,1,1
BRDA:13,1,0,0
BRDA:13,1,1,0
BRDA:25,2,0,0
BRDA:25,2,1,1
BRDA:30,3,0,0
BRDA:30,3,1,0
BRDA:42,4,0,0
BRDA:42,4,1,1
BRDA:47,5,0,0
BRDA:47,5,1,0
BRF:12
BRH:3
end_of_record
TN:
SF:/Users/riddhi/workspace/hcis-dashboard/actions/employeeContracts.js
FN:4,getSalaryDetails
FN:5,(anonymous_1)
FN:7,(anonymous_2)
FN:13,(anonymous_3)
FN:21,deleteSalary
FN:22,(anonymous_5)
FN:24,(anonymous_6)
FN:29,(anonymous_7)
FNF:8
FNH:6
FNDA:1,getSalaryDetails
FNDA:1,(anonymous_1)
FNDA:1,(anonymous_2)
FNDA:0,(anonymous_3)
FNDA:1,deleteSalary
FNDA:1,(anonymous_5)
FNDA:0,(anonymous_6)
FNDA:1,(anonymous_7)
DA:5,1
DA:6,1
DA:8,1
DA:9,1
DA:10,0
DA:14,0
DA:15,0
DA:22,1
DA:23,1
DA:25,0
DA:26,0
DA:30,1
DA:31,0
LF:13
LH:7
BRDA:9,0,0,0
BRDA:9,0,1,1
BRDA:14,1,0,0
BRDA:14,1,1,0
BRDA:25,2,0,0
BRDA:25,2,1,0
BRDA:30,3,0,0
BRDA:30,3,1,1
BRF:8
BRH:2
end_of_record
TN:
SF:/Users/riddhi/workspace/hcis-dashboard/components/commonComponents/Footer.js
FN:4,(anonymous_0)
FNF:1
FNH:1
FNDA:19,(anonymous_0)
DA:5,19
LF:1
LH:1
BRF:0
BRH:0
end_of_record
TN:
SF:/Users/riddhi/workspace/hcis-dashboard/components/commonComponents/Head.js
FN:4,(anonymous_0)
FNF:1
FNH:1
FNDA:19,(anonymous_0)
DA:5,19
LF:1
LH:1
BRF:0
BRH:0
end_of_record
TN:
SF:/Users/riddhi/workspace/hcis-dashboard/components/commonComponents/Navbar.js
FN:4,(anonymous_0)
FNF:1
FNH:1
FNDA:19,(anonymous_0)
DA:5,19
LF:1
LH:1
BRF:0
BRH:0
end_of_record
TN:
SF:/Users/riddhi/workspace/hcis-dashboard/components/pageComponents/Demo.js
FN:9,(anonymous_0)
FN:16,(anonymous_1)
FN:17,(anonymous_2)
FN:28,(anonymous_3)
FN:29,(anonymous_4)
FN:39,(anonymous_5)
FN:40,(anonymous_6)
FN:50,(anonymous_7)
FNF:8
FNH:8
FNDA:1,(anonymous_0)
FNDA:1,(anonymous_1)
FNDA:10,(anonymous_2)
FNDA:1,(anonymous_3)
FNDA:3,(anonymous_4)
FNDA:1,(anonymous_5)
FNDA:5,(anonymous_6)
FNDA:1,(anonymous_7)
DA:10,1
DA:11,1
DA:12,1
DA:13,1
DA:17,1
DA:18,10
DA:29,1
DA:30,3
DA:40,1
DA:41,5
DA:51,1
LF:11
LH:11
BRF:0
BRH:0
end_of_record
TN:
SF:/Users/riddhi/workspace/hcis-dashboard/components/pageComponents/EmployeeAddEditContract.js
FN:14,(anonymous_0)
FN:40,(anonymous_1)
FN:45,(anonymous_2)
FN:78,(anonymous_3)
FN:84,(anonymous_4)
FN:90,(anonymous_5)
FN:96,(anonymous_6)
FN:103,(anonymous_7)
FN:110,(anonymous_8)
FN:202,(anonymous_9)
FNF:10
FNH:4
FNDA:4,(anonymous_0)
FNDA:0,(anonymous_1)
FNDA:0,(anonymous_2)
FNDA:0,(anonymous_3)
FNDA:0,(anonymous_4)
FNDA:3,(anonymous_5)
FNDA:0,(anonymous_6)
FNDA:0,(anonymous_7)
FNDA:12,(anonymous_8)
FNDA:20,(anonymous_9)
DA:15,4
DA:16,4
DA:31,4
DA:32,4
DA:33,4
DA:34,4
DA:35,4
DA:36,4
DA:37,4
DA:41,0
DA:42,0
DA:46,0
DA:47,0
DA:48,0
DA:49,0
DA:64,0
DA:65,0
DA:66,0
DA:68,0
DA:69,0
DA:72,0
DA:73,0
DA:75,0
DA:79,0
DA:80,0
DA:81,0
DA:85,0
DA:86,0
DA:87,0
DA:91,3
DA:92,3
DA:93,3
DA:97,0
DA:104,0
DA:111,12
DA:202,20
DA:222,1
LF:37
LH:15
BRDA:18,0,0,0
BRDA:18,0,1,4
BRDA:19,1,0,0
BRDA:19,1,1,4
BRDA:20,2,0,0
BRDA:20,2,1,4
BRDA:21,3,0,0
BRDA:21,3,1,4
BRDA:54,4,0,0
BRDA:54,4,1,0
BRDA:55,5,0,0
BRDA:55,5,1,0
BRDA:64,6,0,0
BRDA:64,6,1,0
BRDA:65,7,0,0
BRDA:65,7,1,0
BRDA:65,8,0,0
BRDA:65,8,1,0
BRDA:92,9,0,1
BRDA:92,9,1,2
BRDA:118,10,0,0
BRDA:118,10,1,12
BRF:22
BRH:7
end_of_record
TN:
SF:/Users/riddhi/workspace/hcis-dashboard/components/pageComponents/EmployeeContracts.js
FN:15,(anonymous_0)
FN:35,(anonymous_1)
FN:39,(anonymous_2)
FN:45,(anonymous_3)
FN:53,(anonymous_4)
FN:59,(anonymous_5)
FN:77,(anonymous_6)
FN:87,(anonymous_7)
FN:104,(anonymous_8)
FN:107,(anonymous_9)
FN:110,(anonymous_10)
FN:115,(anonymous_11)
FN:126,(anonymous_12)
FN:132,(anonymous_13)
FN:140,(anonymous_14)
FN:146,(anonymous_15)
FN:259,(anonymous_16)
FNF:17
FNH:5
FNDA:5,(anonymous_0)
FNDA:0,(anonymous_1)
FNDA:0,(anonymous_2)
FNDA:0,(anonymous_3)
FNDA:0,(anonymous_4)
FNDA:0,(anonymous_5)
FNDA:6,(anonymous_6)
FNDA:0,(anonymous_7)
FNDA:0,(anonymous_8)
FNDA:0,(anonymous_9)
FNDA:0,(anonymous_10)
FNDA:0,(anonymous_11)
FNDA:0,(anonymous_12)
FNDA:0,(anonymous_13)
FNDA:6,(anonymous_14)
FNDA:6,(anonymous_15)
FNDA:6,(anonymous_16)
DA:16,5
DA:17,5
DA:28,5
DA:29,5
DA:30,5
DA:31,5
DA:32,5
DA:36,0
DA:40,0
DA:46,0
DA:47,0
DA:54,0
DA:55,0
DA:56,0
DA:59,0
DA:60,0
DA:61,0
DA:64,0
DA:65,0
DA:69,0
DA:70,0
DA:71,0
DA:72,0
DA:73,0
DA:78,6
DA:79,6
DA:80,6
DA:82,6
DA:88,0
DA:105,0
DA:108,0
DA:111,0
DA:116,0
DA:127,0
DA:133,0
DA:142,6
DA:143,6
DA:144,6
DA:145,6
DA:146,6
DA:147,6
DA:157,6
DA:260,6
DA:307,1
LF:44
LH:20
BRDA:23,0,0,0
BRDA:23,0,1,5
BRDA:24,1,0,5
BRDA:24,1,1,0
BRDA:25,2,0,5
BRDA:25,2,1,0
BRDA:26,3,0,5
BRDA:26,3,1,0
BRDA:60,4,0,0
BRDA:60,4,1,0
BRDA:64,5,0,0
BRDA:64,5,1,0
BRDA:70,6,0,0
BRDA:70,6,1,0
BRDA:145,7,0,6
BRDA:145,7,1,0
BRDA:218,8,0,6
BRDA:218,8,1,0
BRDA:224,9,0,0
BRDA:224,9,1,6
BRDA:233,10,0,6
BRDA:233,10,1,0
BRDA:264,11,0,6
BRDA:264,11,1,0
BRDA:281,12,0,6
BRDA:281,12,1,0
BRDA:287,13,0,6
BRDA:287,13,1,0
BRF:28
BRH:11
end_of_record
TN:
SF:/Users/riddhi/workspace/hcis-dashboard/reducers/employeeAddEditContract.js
FN:6,(anonymous_0)
FNF:1
FNH:1
FNDA:5,(anonymous_0)
DA:1,1
DA:6,1
DA:7,5
DA:9,2
DA:11,2
DA:13,1
LF:6
LH:6
BRDA:6,0,0,1
BRDA:7,1,0,2
BRDA:7,1,1,2
BRDA:7,1,2,1
BRF:4
BRH:4
end_of_record
TN:
SF:/Users/riddhi/workspace/hcis-dashboard/reducers/employeeContracts.js
FN:6,(anonymous_0)
FNF:1
FNH:1
FNDA:5,(anonymous_0)
DA:1,1
DA:6,1
DA:7,5
DA:9,2
DA:11,2
DA:13,1
LF:6
LH:6
BRDA:6,0,0,1
BRDA:7,1,0,2
BRDA:7,1,1,2
BRDA:7,1,2,1
BRF:4
BRH:4
end_of_record
TN:
SF:/Users/riddhi/workspace/hcis-dashboard/testData/contractReducerData.js
FNF:0
FNH:0
DA:1,6
DA:30,6
DA:36,6
DA:52,6
DA:68,6
DA:70,6
DA:82,6
DA:88,6
DA:94,6
DA:96,6
DA:98,6
LF:11
LH:11
BRF:0
BRH:0
end_of_record
